<?xml version="1.0" encoding="UTF-8"?>
<!-- Generated by org.testng.reporters.JUnitXMLReporter -->
<testsuite hostname="DESKTOP-070DR37" ignored="5" name="All testcases" tests="2" failures="0" timestamp="06 Apr 2020 08:17:01 GMT" time="365.235" errors="0">
  <testcase name="Leaddetails" time="21.993" classname="mainTestcases.Assigned"/>
  <testcase name="basicDetails" time="339.365" classname="mainTestcases.BasicDetails"/>
  <testcase name="@BeforeSuite APKFIleAvailability" time="0.0" classname="common.BaseClass">
    <ignored/>
  </testcase> <!-- @BeforeSuite APKFIleAvailability -->
  <testcase name="login" time="0.0" classname="common.BaseClass">
    <ignored/>
  </testcase> <!-- login -->
  <testcase name="login" time="0.0" classname="common.BaseClass">
    <ignored/>
  </testcase> <!-- login -->
  <testcase name="@AfterSuite tearDown" time="0.0" classname="common.BaseClass">
    <ignored/>
  </testcase> <!-- @AfterSuite tearDown -->
  <testcase name="@BeforeSuite setUp" time="0.0" classname="common.BaseClass">
    <ignored/>
  </testcase> <!-- @BeforeSuite setUp -->
</testsuite> <!-- All testcases -->
